c:\users\cj\onedrive - concordia university - canada\fall 2023\coen 243\decoder-arinca-429\x64\debug\vc143.pdb
c:\users\cj\onedrive - concordia university - canada\fall 2023\coen 243\decoder-arinca-429\x64\debug\vc143.idb
c:\users\cj\onedrive - concordia university - canada\fall 2023\coen 243\decoder-arinca-429\x64\debug\utilitaire.obj
c:\users\cj\onedrive - concordia university - canada\fall 2023\coen 243\decoder-arinca-429\x64\debug\test.obj
c:\users\cj\onedrive - concordia university - canada\fall 2023\coen 243\decoder-arinca-429\x64\debug\main.obj
c:\users\cj\onedrive - concordia university - canada\fall 2023\coen 243\decoder-arinca-429\x64\debug\a429.obj
c:\users\cj\onedrive - concordia university - canada\fall 2023\coen 243\decoder-arinca-429\x64\debug\port_udp.obj
c:\users\cj\onedrive - concordia university - canada\fall 2023\coen 243\decoder-arinca-429\x64\debug\decoder_arinc429.ilk
c:\users\cj\onedrive - concordia university - canada\fall 2023\coen 243\decoder-arinca-429\x64\debug\decoder_arinc429.exe
c:\users\cj\onedrive - concordia university - canada\fall 2023\coen 243\decoder-arinca-429\x64\debug\decoder_arinc429.pdb
c:\users\cj\onedrive - concordia university - canada\fall 2023\coen 243\decoder-arinca-429\x64\debug\decoder_arinc429.tlog\cl.command.1.tlog
c:\users\cj\onedrive - concordia university - canada\fall 2023\coen 243\decoder-arinca-429\x64\debug\decoder_arinc429.tlog\cl.items.tlog
c:\users\cj\onedrive - concordia university - canada\fall 2023\coen 243\decoder-arinca-429\x64\debug\decoder_arinc429.tlog\cl.read.1.tlog
c:\users\cj\onedrive - concordia university - canada\fall 2023\coen 243\decoder-arinca-429\x64\debug\decoder_arinc429.tlog\cl.write.1.tlog
c:\users\cj\onedrive - concordia university - canada\fall 2023\coen 243\decoder-arinca-429\x64\debug\decoder_arinc429.tlog\link.33148-cvtres.read.1.tlog
c:\users\cj\onedrive - concordia university - canada\fall 2023\coen 243\decoder-arinca-429\x64\debug\decoder_arinc429.tlog\link.33148-cvtres.write.1.tlog
c:\users\cj\onedrive - concordia university - canada\fall 2023\coen 243\decoder-arinca-429\x64\debug\decoder_arinc429.tlog\link.33148-rc.read.1.tlog
c:\users\cj\onedrive - concordia university - canada\fall 2023\coen 243\decoder-arinca-429\x64\debug\decoder_arinc429.tlog\link.33148-rc.write.1.tlog
c:\users\cj\onedrive - concordia university - canada\fall 2023\coen 243\decoder-arinca-429\x64\debug\decoder_arinc429.tlog\link.33148.read.1.tlog
c:\users\cj\onedrive - concordia university - canada\fall 2023\coen 243\decoder-arinca-429\x64\debug\decoder_arinc429.tlog\link.33148.read.2.tlog
c:\users\cj\onedrive - concordia university - canada\fall 2023\coen 243\decoder-arinca-429\x64\debug\decoder_arinc429.tlog\link.33148.write.1.tlog
c:\users\cj\onedrive - concordia university - canada\fall 2023\coen 243\decoder-arinca-429\x64\debug\decoder_arinc429.tlog\link.command.1.tlog
c:\users\cj\onedrive - concordia university - canada\fall 2023\coen 243\decoder-arinca-429\x64\debug\decoder_arinc429.tlog\link.read.1.tlog
c:\users\cj\onedrive - concordia university - canada\fall 2023\coen 243\decoder-arinca-429\x64\debug\decoder_arinc429.tlog\link.write.1.tlog
